<?xml version="1.0" encoding="UTF-8"?>
<!-- Generated by org.testng.reporters.JUnitXMLReporter -->
<testsuite ignored="0" hostname="LTIN468116" failures="0" tests="15" name="Default test" time="213.183" errors="0" timestamp="2025-07-17T14:49:40 IST">
  <testcase classname="testCases.CabBookingPageTest" name="TC_OCB_10" time="2.009"/>
  <testcase classname="testCases.CabBookingPageTest" name="TC_OCB_14" time="22.28"/>
  <testcase classname="testCases.CabBookingPageTest" name="TC_OCB_01" time="17.16"/>
  <testcase classname="testCases.CabBookingPageTest" name="TC_OCB_02" time="12.688"/>
  <testcase classname="testCases.CabBookingPageTest" name="TC_OCB_03" time="12.59"/>
  <testcase classname="testCases.CabBookingPageTest" name="TC_OCB_04" time="11.925"/>
  <testcase classname="testCases.CabBookingPageTest" name="TC_OCB_05" time="12.289"/>
  <testcase classname="testCases.CabBookingPageTest" name="TC_OCB_06" time="11.831"/>
  <testcase classname="testCases.CabBookingPageTest" name="TC_OCB_07" time="18.324"/>
  <testcase classname="testCases.CabBookingPageTest" name="TC_OCB_08" time="7.021"/>
  <testcase classname="testCases.CabBookingPageTest" name="TC_OCB_09" time="6.368"/>
  <testcase classname="testCases.CabBookingPageTest" name="TC_OCB_11" time="2.632"/>
  <testcase classname="testCases.CabBookingPageTest" name="TC_OCB_12" time="17.433"/>
  <testcase classname="testCases.CabBookingPageTest" name="TC_OCB_13" time="17.206"/>
  <testcase classname="testCases.CabBookingPageTest" name="TC_OCB_15" time="4.112"/>
</testsuite> <!-- Default test -->
