<?xml version="1.0" encoding="UTF-8"?>
<!-- Generated by org.testng.reporters.JUnitXMLReporter -->
<testsuite ignored="0" hostname="LTIN594139" failures="0" tests="3" name="Default test" time="30.898" errors="0" timestamp="2025-07-17T13:05:36 IST">
  <testcase classname="testCases.GiftCardPageTest" name="TC_GC_01" time="4.537"/>
  <testcase classname="testCases.GiftCardPageTest" name="TC_GC_02" time="6.49"/>
  <testcase classname="testCases.GiftCardPageTest" name="TC_GC_03" time="6.872"/>
</testsuite> <!-- Default test -->
