<?xml version="1.0" encoding="UTF-8"?>
<!-- Generated by org.testng.reporters.JUnitXMLReporter -->
<testsuite ignored="14" hostname="LTIN468116" failures="1" tests="1" name="Default test" time="23.259" errors="0" timestamp="2025-07-18T12:13:52 IST">
  <testcase classname="testCases.CabBookingPageTest" name="TC_OCB_06" time="8.948">
    <failure type="java.lang.AssertionError" message="expected [true] but found [false]">
      <![CDATA[java.lang.AssertionError: expected [true] but found [false]
at org.testng.Assert.fail(Assert.java:111)
at org.testng.Assert.failNotEquals(Assert.java:1578)
at org.testng.Assert.assertTrue(Assert.java:57)
at org.testng.Assert.assertTrue(Assert.java:67)
at testCases.CabBookingPageTest.TC_OCB_06(CabBookingPageTest.java:187)
at java.base/jdk.internal.reflect.DirectMethodHandleAccessor.invoke(DirectMethodHandleAccessor.java:103)
at java.base/java.lang.reflect.Method.invoke(Method.java:580)
at org.testng.internal.invokers.MethodInvocationHelper.invokeMethod(MethodInvocationHelper.java:139)
at org.testng.internal.invokers.TestInvoker.invokeMethod(TestInvoker.java:664)
at org.testng.internal.invokers.TestInvoker.invokeTestMethod(TestInvoker.java:228)
at org.testng.internal.invokers.MethodRunner.runInSequence(MethodRunner.java:63)
at org.testng.internal.invokers.TestInvoker$MethodInvocationAgent.invoke(TestInvoker.java:961)
at org.testng.internal.invokers.TestInvoker.invokeTestMethods(TestInvoker.java:201)
at org.testng.internal.invokers.TestMethodWorker.invokeTestMethods(TestMethodWorker.java:148)
at org.testng.internal.invokers.TestMethodWorker.run(TestMethodWorker.java:128)
at java.base/java.util.ArrayList.forEach(ArrayList.java:1596)
at org.testng.TestRunner.privateRun(TestRunner.java:819)
at org.testng.TestRunner.run(TestRunner.java:619)
at org.testng.SuiteRunner.runTest(SuiteRunner.java:443)
at org.testng.SuiteRunner.runSequentially(SuiteRunner.java:437)
at org.testng.SuiteRunner.privateRun(SuiteRunner.java:397)
at org.testng.SuiteRunner.run(SuiteRunner.java:336)
at org.testng.SuiteRunnerWorker.runSuite(SuiteRunnerWorker.java:52)
at org.testng.SuiteRunnerWorker.run(SuiteRunnerWorker.java:95)
at org.testng.TestNG.runSuitesSequentially(TestNG.java:1301)
at org.testng.TestNG.runSuitesLocally(TestNG.java:1228)
at org.testng.TestNG.runSuites(TestNG.java:1134)
at org.testng.TestNG.run(TestNG.java:1101)
at org.testng.remote.AbstractRemoteTestNG.run(AbstractRemoteTestNG.java:115)
at org.testng.remote.RemoteTestNG.initAndRun(RemoteTestNG.java:251)
at org.testng.remote.RemoteTestNG.main(RemoteTestNG.java:77)
]]>
    </failure>
  </testcase> <!-- TC_OCB_06 -->
  <testcase classname="testCases.CabBookingPageTest" name="TC_OCB_08" time="0.0">
    <ignored/>
  </testcase> <!-- TC_OCB_08 -->
  <testcase classname="testCases.CabBookingPageTest" name="TC_OCB_09" time="0.0">
    <ignored/>
  </testcase> <!-- TC_OCB_09 -->
  <testcase classname="testCases.CabBookingPageTest" name="TC_OCB_03" time="0.0">
    <ignored/>
  </testcase> <!-- TC_OCB_03 -->
  <testcase classname="testCases.CabBookingPageTest" name="TC_OCB_14" time="0.0">
    <ignored/>
  </testcase> <!-- TC_OCB_14 -->
  <testcase classname="testCases.CabBookingPageTest" name="TC_OCB_07" time="0.0">
    <ignored/>
  </testcase> <!-- TC_OCB_07 -->
  <testcase classname="testCases.CabBookingPageTest" name="TC_OCB_11" time="0.0">
    <ignored/>
  </testcase> <!-- TC_OCB_11 -->
  <testcase classname="testCases.CabBookingPageTest" name="TC_OCB_12" time="0.0">
    <ignored/>
  </testcase> <!-- TC_OCB_12 -->
  <testcase classname="testCases.CabBookingPageTest" name="TC_OCB_01" time="0.0">
    <ignored/>
  </testcase> <!-- TC_OCB_01 -->
  <testcase classname="testCases.CabBookingPageTest" name="TC_OCB_02" time="0.0">
    <ignored/>
  </testcase> <!-- TC_OCB_02 -->
  <testcase classname="testCases.CabBookingPageTest" name="TC_OCB_13" time="0.0">
    <ignored/>
  </testcase> <!-- TC_OCB_13 -->
  <testcase classname="testCases.CabBookingPageTest" name="TC_OCB_15" time="0.0">
    <ignored/>
  </testcase> <!-- TC_OCB_15 -->
  <testcase classname="testCases.CabBookingPageTest" name="TC_OCB_04" time="0.0">
    <ignored/>
  </testcase> <!-- TC_OCB_04 -->
  <testcase classname="testCases.CabBookingPageTest" name="TC_OCB_05" time="0.0">
    <ignored/>
  </testcase> <!-- TC_OCB_05 -->
  <testcase classname="testCases.CabBookingPageTest" name="TC_OCB_10" time="0.0">
    <ignored/>
  </testcase> <!-- TC_OCB_10 -->
</testsuite> <!-- Default test -->
