<?xml version="1.0" encoding="UTF-8"?>
<!-- Generated by org.testng.reporters.JUnitXMLReporter -->
<testsuite ignored="0" hostname="LTIN468116" failures="0" tests="3" name="Default test" time="56.386" errors="0" timestamp="2025-07-16T09:07:21 IST">
  <testcase classname="testCases.GiftCardPageTest" name="TC_GC_02" time="12.386"/>
  <testcase classname="testCases.GiftCardPageTest" name="TC_GC_03" time="11.051"/>
  <testcase classname="testCases.GiftCardPageTest" name="TC_GC_01" time="6.151"/>
</testsuite> <!-- Default test -->
