<?xml version="1.0" encoding="UTF-8"?>
<!-- Generated by org.testng.reporters.JUnitXMLReporter -->
<testsuite ignored="0" hostname="LTIN468116" failures="0" tests="3" name="Default test" time="59.992" errors="0" timestamp="2025-07-15T18:28:09 IST">
  <testcase classname="testCases.GiftCardPageTest" name="TC_GC_02" time="11.863"/>
  <testcase classname="testCases.GiftCardPageTest" name="TC_GC_03" time="7.819"/>
  <testcase classname="testCases.GiftCardPageTest" name="TC_GC_01" time="5.789"/>
</testsuite> <!-- Default test -->
