<?xml version="1.0" encoding="UTF-8"?>
<!-- Generated by org.testng.reporters.JUnitXMLReporter -->
<testsuite ignored="0" hostname="LTIN450081" failures="0" tests="5" name="Default test" time="33.189" errors="0" timestamp="2025-07-15T15:50:51 IST">
  <testcase classname="testCases.HotelBookingTest" name="TC_HB_01" time="2.474"/>
  <testcase classname="testCases.HotelBookingTest" name="TC_HB_02" time="6.487"/>
  <testcase classname="testCases.HotelBookingTest" name="TC_HB_03" time="2.325"/>
  <testcase classname="testCases.HotelBookingTest" name="TC_HB_04" time="1.887"/>
  <testcase classname="testCases.HotelBookingTest" name="TC_HB_05" time="1.708"/>
</testsuite> <!-- Default test -->
