<?xml version="1.0" encoding="UTF-8"?>
<!-- Generated by org.testng.reporters.JUnitXMLReporter -->
<testsuite ignored="0" hostname="LTIN450081" failures="0" tests="15" name="Default test" time="231.675" errors="0" timestamp="2025-07-17T12:29:58 IST">
  <testcase classname="testCases.CabBookingPageTest" name="TC_OCB_10" time="1.195"/>
  <testcase classname="testCases.CabBookingPageTest" name="TC_OCB_14" time="33.518"/>
  <testcase classname="testCases.CabBookingPageTest" name="TC_OCB_01" time="19.612"/>
  <testcase classname="testCases.CabBookingPageTest" name="TC_OCB_02" time="6.131"/>
  <testcase classname="testCases.CabBookingPageTest" name="TC_OCB_03" time="15.113"/>
  <testcase classname="testCases.CabBookingPageTest" name="TC_OCB_04" time="14.867"/>
  <testcase classname="testCases.CabBookingPageTest" name="TC_OCB_05" time="15.166"/>
  <testcase classname="testCases.CabBookingPageTest" name="TC_OCB_06" time="15.311"/>
  <testcase classname="testCases.CabBookingPageTest" name="TC_OCB_07" time="15.259"/>
  <testcase classname="testCases.CabBookingPageTest" name="TC_OCB_08" time="6.793"/>
  <testcase classname="testCases.CabBookingPageTest" name="TC_OCB_09" time="7.115"/>
  <testcase classname="testCases.CabBookingPageTest" name="TC_OCB_11" time="1.878"/>
  <testcase classname="testCases.CabBookingPageTest" name="TC_OCB_12" time="16.889"/>
  <testcase classname="testCases.CabBookingPageTest" name="TC_OCB_13" time="15.013"/>
  <testcase classname="testCases.CabBookingPageTest" name="TC_OCB_15" time="2.851"/>
</testsuite> <!-- Default test -->
