<?xml version="1.0" encoding="UTF-8"?>
<!-- Generated by org.testng.reporters.JUnitXMLReporter -->
<testsuite ignored="0" hostname="LTIN468116" failures="0" tests="15" name="Default test" time="211.602" errors="0" timestamp="2025-07-16T11:39:01 IST">
  <testcase classname="testCases.CabBookingPageTest" name="TC_OCB_10" time="1.125"/>
  <testcase classname="testCases.CabBookingPageTest" name="TC_OCB_14" time="29.089"/>
  <testcase classname="testCases.CabBookingPageTest" name="TC_OCB_01" time="9.043"/>
  <testcase classname="testCases.CabBookingPageTest" name="TC_OCB_02" time="16.567"/>
  <testcase classname="testCases.CabBookingPageTest" name="TC_OCB_03" time="15.303"/>
  <testcase classname="testCases.CabBookingPageTest" name="TC_OCB_04" time="15.205"/>
  <testcase classname="testCases.CabBookingPageTest" name="TC_OCB_05" time="14.76"/>
  <testcase classname="testCases.CabBookingPageTest" name="TC_OCB_06" time="14.723"/>
  <testcase classname="testCases.CabBookingPageTest" name="TC_OCB_07" time="15.179"/>
  <testcase classname="testCases.CabBookingPageTest" name="TC_OCB_08" time="6.862"/>
  <testcase classname="testCases.CabBookingPageTest" name="TC_OCB_09" time="6.744"/>
  <testcase classname="testCases.CabBookingPageTest" name="TC_OCB_11" time="1.384"/>
  <testcase classname="testCases.CabBookingPageTest" name="TC_OCB_12" time="15.398"/>
  <testcase classname="testCases.CabBookingPageTest" name="TC_OCB_13" time="15.37"/>
  <testcase classname="testCases.CabBookingPageTest" name="TC_OCB_15" time="2.887"/>
</testsuite> <!-- Default test -->
