<?xml version="1.0" encoding="UTF-8"?>
<!-- Generated by org.testng.reporters.JUnitXMLReporter -->
<testsuite ignored="0" hostname="LTIN468116" failures="0" tests="15" name="Default test" time="262.227" errors="0" timestamp="2025-07-15T14:43:12 IST">
  <testcase classname="testCases.CabBookingPageTest" name="TC_OCB_14" time="31.583"/>
  <testcase classname="testCases.CabBookingPageTest" name="verifyDisabledPreviousDepartureDate" time="2.698"/>
  <testcase classname="testCases.CabBookingPageTest" name="oneWayCabSearch" time="13.452"/>
  <testcase classname="testCases.CabBookingPageTest" name="verifyFromLocationInResults" time="24.737"/>
  <testcase classname="testCases.CabBookingPageTest" name="verifyToLocationInResults" time="18.049"/>
  <testcase classname="testCases.CabBookingPageTest" name="verifyDepartureDateInResults" time="17.845"/>
  <testcase classname="testCases.CabBookingPageTest" name="verifyPickUpTimeInResults" time="17.533"/>
  <testcase classname="testCases.CabBookingPageTest" name="verifyCabTypeInResult" time="18.74"/>
  <testcase classname="testCases.CabBookingPageTest" name="verifyClearAllFilterFunctionality" time="17.665"/>
  <testcase classname="testCases.CabBookingPageTest" name="verifyDisabledDepartureDateBeyondLimit" time="2.877"/>
  <testcase classname="testCases.CabBookingPageTest" name="verifyMessageForUnserviceableFromLocation" time="7.443"/>
  <testcase classname="testCases.CabBookingPageTest" name="verifyMessageForUnserviceableToLocation" time="7.428"/>
  <testcase classname="testCases.CabBookingPageTest" name="TC_OCB_12" time="17.984"/>
  <testcase classname="testCases.CabBookingPageTest" name="TC_OCB_13" time="17.561"/>
  <testcase classname="testCases.CabBookingPageTest" name="TC_OCB_15" time="4.357"/>
</testsuite> <!-- Default test -->
