<?xml version="1.0" encoding="UTF-8"?>
<!-- Generated by org.testng.reporters.JUnitXMLReporter -->
<testsuite ignored="0" hostname="LTIN511425" failures="0" tests="5" name="Default test" time="11.775" errors="0" timestamp="2025-07-15T12:36:32 IST">
  <testcase classname="base.BaseTest" name="@BeforeMethod goToHomePage" time="1.047">
    <failure type="org.openqa.selenium.ElementClickInterceptedException" message="element click intercepted: Element &amp;lt;a data-cy=&amp;quot;mmtLogo&amp;quot; class=&amp;quot;mmtLogo makeFlex&amp;quot;&amp;gt;...&amp;lt;/a&amp;gt; is not clickable at point (93, 26). Other element would receive the click: &amp;lt;div data-cy=&amp;quot;HotelSearchWidget_314&amp;quot; class=&amp;quot;hsBackDrop&amp;quot;&amp;gt;&amp;lt;/div&amp;gt;
  (Session info: chrome=137.0.7151.69)
Build info: version: &amp;apos;4.34.0&amp;apos;, revision: &amp;apos;707dcb4246*&amp;apos;
System info: os.name: &amp;apos;Windows 11&amp;apos;, os.arch: &amp;apos;amd64&amp;apos;, os.version: &amp;apos;10.0&amp;apos;, java.version: &amp;apos;21.0.6&amp;apos;
Driver info: org.openqa.selenium.chrome.ChromeDriver
Command: [b4e3d4e0cf1d575358e0d8a51d97672d, clickElement {id=f.E424A100CD71E8B58D174F6A198136CA.d.F201109AEEBBFC36CDF943FD5D7D9517.e.196}]
Capabilities {acceptInsecureCerts: false, browserName: chrome, browserVersion: 137.0.7151.69, chrome: {chromedriverVersion: 137.0.7151.119 (e0ac9d12dff..., userDataDir: C:\Users\2407390\AppData\Lo...}, fedcm:accounts: true, goog:chromeOptions: {debuggerAddress: localhost:54645}, networkConnectionEnabled: false, pageLoadStrategy: normal, platformName: windows, proxy: Proxy(), se:cdp: ws://localhost:54645/devtoo..., se:cdpVersion: 137.0.7151.69, setWindowRect: true, strictFileInteractability: false, timeouts: {implicit: 0, pageLoad: 300000, script: 30000}, unhandledPromptBehavior: dismiss and notify, webauthn:extension:credBlob: true, webauthn:extension:largeBlob: true, webauthn:extension:minPinLength: true, webauthn:extension:prf: true, webauthn:virtualAuthenticators: true}
Element: [[ChromeDriver: chrome on windows (b4e3d4e0cf1d575358e0d8a51d97672d)] -&amp;gt; xpath: //a[contains(@class,&amp;apos;mmtLogo&amp;apos;) or contains(@class,&amp;apos;chMmtLogo&amp;apos;)]]
Session ID: b4e3d4e0cf1d575358e0d8a51d97672d">
      <![CDATA[org.openqa.selenium.ElementClickInterceptedException: element click intercepted: Element <a data-cy="mmtLogo" class="mmtLogo makeFlex">...</a> is not clickable at point (93, 26). Other element would receive the click: <div data-cy="HotelSearchWidget_314" class="hsBackDrop"></div>
  (Session info: chrome=137.0.7151.69)
Build info: version: '4.34.0', revision: '707dcb4246*'
System info: os.name: 'Windows 11', os.arch: 'amd64', os.version: '10.0', java.version: '21.0.6'
Driver info: org.openqa.selenium.chrome.ChromeDriver
Command: [b4e3d4e0cf1d575358e0d8a51d97672d, clickElement {id=f.E424A100CD71E8B58D174F6A198136CA.d.F201109AEEBBFC36CDF943FD5D7D9517.e.196}]
Capabilities {acceptInsecureCerts: false, browserName: chrome, browserVersion: 137.0.7151.69, chrome: {chromedriverVersion: 137.0.7151.119 (e0ac9d12dff..., userDataDir: C:\Users\2407390\AppData\Lo...}, fedcm:accounts: true, goog:chromeOptions: {debuggerAddress: localhost:54645}, networkConnectionEnabled: false, pageLoadStrategy: normal, platformName: windows, proxy: Proxy(), se:cdp: ws://localhost:54645/devtoo..., se:cdpVersion: 137.0.7151.69, setWindowRect: true, strictFileInteractability: false, timeouts: {implicit: 0, pageLoad: 300000, script: 30000}, unhandledPromptBehavior: dismiss and notify, webauthn:extension:credBlob: true, webauthn:extension:largeBlob: true, webauthn:extension:minPinLength: true, webauthn:extension:prf: true, webauthn:virtualAuthenticators: true}
Element: [[ChromeDriver: chrome on windows (b4e3d4e0cf1d575358e0d8a51d97672d)] -> xpath: //a[contains(@class,'mmtLogo') or contains(@class,'chMmtLogo')]]
Session ID: b4e3d4e0cf1d575358e0d8a51d97672d
at java.base/jdk.internal.reflect.DirectConstructorHandleAccessor.newInstance(DirectConstructorHandleAccessor.java:62)
at java.base/java.lang.reflect.Constructor.newInstanceWithCaller(Constructor.java:502)
at java.base/java.lang.reflect.Constructor.newInstance(Constructor.java:486)
at org.openqa.selenium.remote.ErrorCodec.decode(ErrorCodec.java:167)
at org.openqa.selenium.remote.codec.w3c.W3CHttpResponseCodec.decode(W3CHttpResponseCodec.java:138)
at org.openqa.selenium.remote.codec.w3c.W3CHttpResponseCodec.decode(W3CHttpResponseCodec.java:50)
at org.openqa.selenium.remote.HttpCommandExecutor.execute(HttpCommandExecutor.java:215)
at org.openqa.selenium.remote.service.DriverCommandExecutor.invokeExecute(DriverCommandExecutor.java:216)
at org.openqa.selenium.remote.service.DriverCommandExecutor.execute(DriverCommandExecutor.java:174)
at org.openqa.selenium.remote.RemoteWebDriver.execute(RemoteWebDriver.java:544)
at org.openqa.selenium.remote.RemoteWebElement.execute(RemoteWebElement.java:223)
at org.openqa.selenium.remote.RemoteWebElement.click(RemoteWebElement.java:76)
at base.BaseTest.goToHomePage(BaseTest.java:46)
at java.base/jdk.internal.reflect.DirectMethodHandleAccessor.invoke(DirectMethodHandleAccessor.java:103)
at java.base/java.lang.reflect.Method.invoke(Method.java:580)
at org.testng.internal.invokers.MethodInvocationHelper.invokeMethod(MethodInvocationHelper.java:139)
at org.testng.internal.invokers.MethodInvocationHelper.invokeMethodConsideringTimeout(MethodInvocationHelper.java:69)
at org.testng.internal.invokers.ConfigInvoker.invokeConfigurationMethod(ConfigInvoker.java:393)
at org.testng.internal.invokers.ConfigInvoker.invokeConfigurations(ConfigInvoker.java:326)
at org.testng.internal.invokers.TestInvoker.runConfigMethods(TestInvoker.java:810)
at org.testng.internal.invokers.TestInvoker.invokeMethod(TestInvoker.java:578)
at org.testng.internal.invokers.TestInvoker.invokeTestMethod(TestInvoker.java:228)
at org.testng.internal.invokers.MethodRunner.runInSequence(MethodRunner.java:63)
at org.testng.internal.invokers.TestInvoker$MethodInvocationAgent.invoke(TestInvoker.java:961)
at org.testng.internal.invokers.TestInvoker.invokeTestMethods(TestInvoker.java:201)
at org.testng.internal.invokers.TestMethodWorker.invokeTestMethods(TestMethodWorker.java:148)
at org.testng.internal.invokers.TestMethodWorker.run(TestMethodWorker.java:128)
at java.base/java.util.ArrayList.forEach(ArrayList.java:1596)
at org.testng.TestRunner.privateRun(TestRunner.java:819)
at org.testng.TestRunner.run(TestRunner.java:619)
at org.testng.SuiteRunner.runTest(SuiteRunner.java:443)
at org.testng.SuiteRunner.runSequentially(SuiteRunner.java:437)
at org.testng.SuiteRunner.privateRun(SuiteRunner.java:397)
at org.testng.SuiteRunner.run(SuiteRunner.java:336)
at org.testng.SuiteRunnerWorker.runSuite(SuiteRunnerWorker.java:52)
at org.testng.SuiteRunnerWorker.run(SuiteRunnerWorker.java:95)
at org.testng.TestNG.runSuitesSequentially(TestNG.java:1301)
at org.testng.TestNG.runSuitesLocally(TestNG.java:1228)
at org.testng.TestNG.runSuites(TestNG.java:1134)
at org.testng.TestNG.run(TestNG.java:1101)
at org.testng.remote.AbstractRemoteTestNG.run(AbstractRemoteTestNG.java:115)
at org.testng.remote.RemoteTestNG.initAndRun(RemoteTestNG.java:251)
at org.testng.remote.RemoteTestNG.main(RemoteTestNG.java:77)
]]>
    </failure>
  </testcase> <!-- @BeforeMethod goToHomePage -->
  <testcase classname="base.BaseTest" name="@AfterMethod closingTestCase" time="0.0">
    <skipped/>
  </testcase> <!-- @AfterMethod closingTestCase -->
  <testcase classname="base.BaseTest" name="@BeforeMethod goToHomePage" time="0.0">
    <skipped/>
  </testcase> <!-- @BeforeMethod goToHomePage -->
  <testcase classname="base.BaseTest" name="@AfterMethod closingTestCase" time="0.0">
    <skipped/>
  </testcase> <!-- @AfterMethod closingTestCase -->
  <testcase classname="base.BaseTest" name="@BeforeMethod goToHomePage" time="0.0">
    <skipped/>
  </testcase> <!-- @BeforeMethod goToHomePage -->
  <testcase classname="base.BaseTest" name="@AfterMethod closingTestCase" time="0.0">
    <skipped/>
  </testcase> <!-- @AfterMethod closingTestCase -->
  <testcase classname="base.BaseTest" name="@BeforeMethod goToHomePage" time="0.0">
    <skipped/>
  </testcase> <!-- @BeforeMethod goToHomePage -->
  <testcase classname="base.BaseTest" name="@AfterMethod closingTestCase" time="0.0">
    <skipped/>
  </testcase> <!-- @AfterMethod closingTestCase -->
  <testcase classname="base.BaseTest" name="@AfterClass tearDown" time="0.0">
    <skipped/>
  </testcase> <!-- @AfterClass tearDown -->
  <testcase classname="testCases.HotelBookingTest" name="TC_HB_01" time="1.399"/>
  <testcase classname="testCases.HotelBookingTest" name="TC_HB_02" time="0.0">
    <skipped/>
  </testcase> <!-- TC_HB_02 -->
  <testcase classname="testCases.HotelBookingTest" name="TC_HB_03" time="0.0">
    <skipped/>
  </testcase> <!-- TC_HB_03 -->
  <testcase classname="testCases.HotelBookingTest" name="TC_HB_04" time="0.0">
    <skipped/>
  </testcase> <!-- TC_HB_04 -->
  <testcase classname="testCases.HotelBookingTest" name="TC_HB_05" time="0.0">
    <skipped/>
  </testcase> <!-- TC_HB_05 -->
</testsuite> <!-- Default test -->
