<?xml version="1.0" encoding="UTF-8"?>
<!-- Generated by org.testng.reporters.JUnitXMLReporter -->
<testsuite ignored="14" hostname="LTIN450081" failures="0" tests="1" name="Default test" time="22.648" errors="0" timestamp="2025-07-18T10:13:45 IST">
  <testcase classname="testCases.CabBookingPageTest" name="TC_OCB_01" time="9.762"/>
  <testcase classname="testCases.CabBookingPageTest" name="TC_OCB_07" time="0.0">
    <ignored/>
  </testcase> <!-- TC_OCB_07 -->
  <testcase classname="testCases.CabBookingPageTest" name="TC_OCB_09" time="0.0">
    <ignored/>
  </testcase> <!-- TC_OCB_09 -->
  <testcase classname="testCases.CabBookingPageTest" name="TC_OCB_08" time="0.0">
    <ignored/>
  </testcase> <!-- TC_OCB_08 -->
  <testcase classname="testCases.CabBookingPageTest" name="TC_OCB_03" time="0.0">
    <ignored/>
  </testcase> <!-- TC_OCB_03 -->
  <testcase classname="testCases.CabBookingPageTest" name="TC_OCB_14" time="0.0">
    <ignored/>
  </testcase> <!-- TC_OCB_14 -->
  <testcase classname="testCases.CabBookingPageTest" name="TC_OCB_05" time="0.0">
    <ignored/>
  </testcase> <!-- TC_OCB_05 -->
  <testcase classname="testCases.CabBookingPageTest" name="TC_OCB_15" time="0.0">
    <ignored/>
  </testcase> <!-- TC_OCB_15 -->
  <testcase classname="testCases.CabBookingPageTest" name="TC_OCB_04" time="0.0">
    <ignored/>
  </testcase> <!-- TC_OCB_04 -->
  <testcase classname="testCases.CabBookingPageTest" name="TC_OCB_10" time="0.0">
    <ignored/>
  </testcase> <!-- TC_OCB_10 -->
  <testcase classname="testCases.CabBookingPageTest" name="TC_OCB_06" time="0.0">
    <ignored/>
  </testcase> <!-- TC_OCB_06 -->
  <testcase classname="testCases.CabBookingPageTest" name="TC_OCB_12" time="0.0">
    <ignored/>
  </testcase> <!-- TC_OCB_12 -->
  <testcase classname="testCases.CabBookingPageTest" name="TC_OCB_11" time="0.0">
    <ignored/>
  </testcase> <!-- TC_OCB_11 -->
  <testcase classname="testCases.CabBookingPageTest" name="TC_OCB_02" time="0.0">
    <ignored/>
  </testcase> <!-- TC_OCB_02 -->
  <testcase classname="testCases.CabBookingPageTest" name="TC_OCB_13" time="0.0">
    <ignored/>
  </testcase> <!-- TC_OCB_13 -->
</testsuite> <!-- Default test -->
