<?xml version="1.0" encoding="UTF-8"?>
<!-- Generated by org.testng.reporters.JUnitXMLReporter -->
<testsuite ignored="2" hostname="LTIN450081" failures="0" tests="23" name="TestEdge" time="257.094" errors="0" timestamp="2025-07-20T12:50:07 IST">
  <testcase classname="testCases.CabBookingPageTest" name="TC_OCB_10" time="2.068"/>
  <testcase classname="testCases.CabBookingPageTest" name="TC_OCB_14" time="17.672"/>
  <testcase classname="testCases.CabBookingPageTest" name="TC_OCB_01" time="35.589"/>
  <testcase classname="testCases.CabBookingPageTest" name="TC_OCB_02" time="9.995"/>
  <testcase classname="testCases.CabBookingPageTest" name="TC_OCB_03" time="10.498"/>
  <testcase classname="testCases.CabBookingPageTest" name="TC_OCB_04" time="10.064"/>
  <testcase classname="testCases.CabBookingPageTest" name="TC_OCB_05" time="9.831"/>
  <testcase classname="testCases.CabBookingPageTest" name="TC_OCB_06" time="10.281"/>
  <testcase classname="testCases.CabBookingPageTest" name="TC_OCB_07" time="15.314"/>
  <testcase classname="testCases.CabBookingPageTest" name="TC_OCB_08" time="3.884"/>
  <testcase classname="testCases.CabBookingPageTest" name="TC_OCB_09" time="3.935"/>
  <testcase classname="testCases.CabBookingPageTest" name="TC_OCB_11" time="6.352"/>
  <testcase classname="testCases.CabBookingPageTest" name="TC_OCB_12" time="9.837"/>
  <testcase classname="testCases.CabBookingPageTest" name="TC_OCB_13" time="10.468"/>
  <testcase classname="testCases.CabBookingPageTest" name="TC_OCB_15" time="2.811"/>
  <testcase classname="testCases.HotelBookingTest" name="TC_HB_01" time="1.89"/>
  <testcase classname="testCases.HotelBookingTest" name="TC_HB_02" time="6.455"/>
  <testcase classname="testCases.HotelBookingTest" name="TC_HB_03" time="1.283"/>
  <testcase classname="testCases.HotelBookingTest" name="TC_HB_04" time="1.105"/>
  <testcase classname="testCases.HotelBookingTest" name="TC_HB_05" time="1.555"/>
  <testcase classname="testCases.GiftCardPageTest" name="TC_GC_02" time="10.664"/>
  <testcase classname="testCases.GiftCardPageTest" name="TC_GC_03" time="6.19"/>
  <testcase classname="testCases.GiftCardPageTest" name="TC_GC_01" time="4.587"/>
  <testcase classname="base.BaseTest" name="@AfterSuite flushExtentReport" time="0.0">
    <ignored/>
  </testcase> <!-- @AfterSuite flushExtentReport -->
  <testcase classname="base.BaseTest" name="@AfterSuite flushExtentReport" time="0.0">
    <ignored/>
  </testcase> <!-- @AfterSuite flushExtentReport -->
</testsuite> <!-- TestEdge -->
