<?xml version="1.0" encoding="UTF-8"?>
<!-- Generated by org.testng.reporters.JUnitXMLReporter -->
<testsuite ignored="0" hostname="LTIN511425" failures="0" tests="23" name="Test" time="256.155" errors="0" timestamp="2025-07-16T18:32:58 IST">
  <testcase classname="testCases.HotelBookingTest" name="TC_HB_01" time="1.339"/>
  <testcase classname="testCases.HotelBookingTest" name="TC_HB_02" time="3.769"/>
  <testcase classname="testCases.HotelBookingTest" name="TC_HB_03" time="0.695"/>
  <testcase classname="testCases.HotelBookingTest" name="TC_HB_04" time="0.673"/>
  <testcase classname="testCases.HotelBookingTest" name="TC_HB_05" time="0.972"/>
  <testcase classname="testCases.GiftCardPageTest" name="TC_GC_02" time="8.364"/>
  <testcase classname="testCases.GiftCardPageTest" name="TC_GC_03" time="5.137"/>
  <testcase classname="testCases.GiftCardPageTest" name="TC_GC_01" time="3.941"/>
  <testcase classname="testCases.CabBookingPageTest" name="TC_OCB_10" time="0.864"/>
  <testcase classname="testCases.CabBookingPageTest" name="TC_OCB_14" time="35.168"/>
  <testcase classname="testCases.CabBookingPageTest" name="TC_OCB_01" time="11.434"/>
  <testcase classname="testCases.CabBookingPageTest" name="TC_OCB_02" time="14.87"/>
  <testcase classname="testCases.CabBookingPageTest" name="TC_OCB_03" time="14.722"/>
  <testcase classname="testCases.CabBookingPageTest" name="TC_OCB_04" time="14.266"/>
  <testcase classname="testCases.CabBookingPageTest" name="TC_OCB_05" time="14.408"/>
  <testcase classname="testCases.CabBookingPageTest" name="TC_OCB_06" time="14.185"/>
  <testcase classname="testCases.CabBookingPageTest" name="TC_OCB_07" time="14.327"/>
  <testcase classname="testCases.CabBookingPageTest" name="TC_OCB_08" time="6.481"/>
  <testcase classname="testCases.CabBookingPageTest" name="TC_OCB_09" time="6.348"/>
  <testcase classname="testCases.CabBookingPageTest" name="TC_OCB_11" time="1.058"/>
  <testcase classname="testCases.CabBookingPageTest" name="TC_OCB_12" time="14.263"/>
  <testcase classname="testCases.CabBookingPageTest" name="TC_OCB_13" time="14.203"/>
  <testcase classname="testCases.CabBookingPageTest" name="TC_OCB_15" time="2.545"/>
</testsuite> <!-- Test -->
