<?xml version="1.0" encoding="UTF-8"?>
<!-- Generated by org.testng.reporters.JUnitXMLReporter -->
<testsuite ignored="0" hostname="LTIN450081" failures="0" tests="23" name="TestChrome" time="299.41" errors="0" timestamp="2025-07-21T09:32:44 IST">
  <testcase classname="testCases.CabBookingPageTest" name="TC_OCB_10" time="2.41"/>
  <testcase classname="testCases.CabBookingPageTest" name="TC_OCB_14" time="23.459"/>
  <testcase classname="testCases.CabBookingPageTest" name="TC_OCB_01" time="31.128"/>
  <testcase classname="testCases.CabBookingPageTest" name="TC_OCB_02" time="10.8"/>
  <testcase classname="testCases.CabBookingPageTest" name="TC_OCB_03" time="9.809"/>
  <testcase classname="testCases.CabBookingPageTest" name="TC_OCB_04" time="9.866"/>
  <testcase classname="testCases.CabBookingPageTest" name="TC_OCB_05" time="10.214"/>
  <testcase classname="testCases.CabBookingPageTest" name="TC_OCB_06" time="10.395"/>
  <testcase classname="testCases.CabBookingPageTest" name="TC_OCB_07" time="15.29"/>
  <testcase classname="testCases.CabBookingPageTest" name="TC_OCB_08" time="3.893"/>
  <testcase classname="testCases.CabBookingPageTest" name="TC_OCB_09" time="3.984"/>
  <testcase classname="testCases.CabBookingPageTest" name="TC_OCB_11" time="6.303"/>
  <testcase classname="testCases.CabBookingPageTest" name="TC_OCB_12" time="10.192"/>
  <testcase classname="testCases.CabBookingPageTest" name="TC_OCB_13" time="10.026"/>
  <testcase classname="testCases.CabBookingPageTest" name="TC_OCB_15" time="2.779"/>
  <testcase classname="testCases.HotelBookingTest" name="TC_HB_01" time="1.81"/>
  <testcase classname="testCases.HotelBookingTest" name="TC_HB_02" time="6.05"/>
  <testcase classname="testCases.HotelBookingTest" name="TC_HB_03" time="1.004"/>
  <testcase classname="testCases.HotelBookingTest" name="TC_HB_04" time="0.991"/>
  <testcase classname="testCases.HotelBookingTest" name="TC_HB_05" time="1.205"/>
  <testcase classname="testCases.GiftCardPageTest" name="TC_GC_01" time="9.117"/>
  <testcase classname="testCases.GiftCardPageTest" name="TC_GC_02" time="9.251"/>
  <testcase classname="testCases.GiftCardPageTest" name="TC_GC_03" time="7.065"/>
</testsuite> <!-- TestChrome -->
